01:14:45 **** Incremental Build of configuration Debug for project 15. Task scheduler ****
make -j8 all 
arm-none-eabi-gcc "../Src/led.c" -mcpu=cortex-m4 -std=gnu11 -g3 -DSTM32 -DSTM32F4 -DSTM32F407VGTx -DDEBUG -c -I../Inc -O0 -ffunction-sections -fdata-sections -Wall -fstack-usage -MMD -MP -MF"Src/led.d" -MT"Src/led.o" --specs=nano.specs -mfpu=fpv4-sp-d16 -mfloat-abi=hard -mthumb -o "Src/led.o"
arm-none-eabi-gcc -o "15. Task scheduler.elf" @"objects.list"   -mcpu=cortex-m4 -T"E:\Desktop\ARM_Cortex\Embedded Systems Programming on ARM Cortex-M3M4 Processor\.LearnARM_CortexM4\15. Task scheduler\STM32F407VGTX_FLASH.ld" --specs=nosys.specs -Wl,-Map="15. Task scheduler.map" -Wl,--gc-sections -static --specs=nano.specs -mfpu=fpv4-sp-d16 -mfloat-abi=hard -mthumb -Wl,--start-group -lc -lm -Wl,--end-group
Finished building target: 15. Task scheduler.elf
 
arm-none-eabi-size   15.\ Task\ scheduler.elf 
arm-none-eabi-objdump -h -S  15.\ Task\ scheduler.elf  > "15. Task scheduler.list"
arm-none-eabi-objcopy  -O binary  15.\ Task\ scheduler.elf  "15. Task scheduler.bin"
   text	   data	    bss	    dec	    hex	filename
   4868	    112	   1664	   6644	   19f4	15. Task scheduler.elf
Finished building: default.size.stdout
 
Finished building: 15. Task scheduler.bin
 
Finished building: 15. Task scheduler.list
 
01:14:58 **** Incremental Build of configuration Debug for project 15. Task scheduler ****
make -j8 all 
arm-none-eabi-size   15.\ Task\ scheduler.elf 
   text	   data	    bss	    dec	    hex	filename
   4868	    112	   1664	   6644	   19f4	15. Task scheduler.elf
Finished building: default.size.stdout
 
01:15:46 **** Incremental Build of configuration Debug for project 15. Task scheduler ****
make -j8 all 
arm-none-eabi-size   15.\ Task\ scheduler.elf 
   text	   data	    bss	    dec	    hex	filename
   4868	    112	   1664	   6644	   19f4	15. Task scheduler.elf
Finished building: default.size.stdout
 
01:19:24 **** Incremental Build of configuration Debug for project 15. Task scheduler ****
make -j8 all 
arm-none-eabi-size   15.\ Task\ scheduler.elf 
   text	   data	    bss	    dec	    hex	filename
   4868	    112	   1664	   6644	   19f4	15. Task scheduler.elf
Finished building: default.size.stdout
 
01:19:38 **** Incremental Build of configuration Debug for project 15. Task scheduler ****
make -j8 all 
arm-none-eabi-size   15.\ Task\ scheduler.elf 
   text	   data	    bss	    dec	    hex	filename
   4868	    112	   1664	   6644	   19f4	15. Task scheduler.elf
Finished building: default.size.stdout
 
01:19:43 **** Incremental Build of configuration Debug for project 15. Task scheduler ****
make -j8 all 
arm-none-eabi-size   15.\ Task\ scheduler.elf 
   text	   data	    bss	    dec	    hex	filename
   4868	    112	   1664	   6644	   19f4	15. Task scheduler.elf
Finished building: default.size.stdout
 
01:25:26 **** Incremental Build of configuration Debug for project 15. Task scheduler ****
make -j8 all 
arm-none-eabi-size   15.\ Task\ scheduler.elf 
   text	   data	    bss	    dec	    hex	filename
   4868	    112	   1664	   6644	   19f4	15. Task scheduler.elf
Finished building: default.size.stdout
 
01:28:15 **** Incremental Build of configuration Debug for project 15. Task scheduler ****
make -j8 all 
arm-none-eabi-size   15.\ Task\ scheduler.elf 
   text	   data	    bss	    dec	    hex	filename
   4868	    112	   1664	   6644	   19f4	15. Task scheduler.elf
Finished building: default.size.stdout
 
01:28:20 **** Incremental Build of configuration Debug for project 15. Task scheduler ****
make -j8 all 
arm-none-eabi-size   15.\ Task\ scheduler.elf 
   text	   data	    bss	    dec	    hex	filename
   4868	    112	   1664	   6644	   19f4	15. Task scheduler.elf
Finished building: default.size.stdout
 
01:28:44 **** Incremental Build of configuration Debug for project 15. Task scheduler ****
make -j8 all 
arm-none-eabi-size   15.\ Task\ scheduler.elf 
   text	   data	    bss	    dec	    hex	filename
   4868	    112	   1664	   6644	   19f4	15. Task scheduler.elf
Finished building: default.size.stdout
 
01:29:13 **** Incremental Build of configuration Debug for project 15. Task scheduler ****
make -j8 all 
arm-none-eabi-size   15.\ Task\ scheduler.elf 
   text	   data	    bss	    dec	    hex	filename
   4868	    112	   1664	   6644	   19f4	15. Task scheduler.elf
Finished building: default.size.stdout
 
